2024-May-28 15:51:03 Наличие необходимых модулей php (check_php_modules): Ok
Все необходимые модули установлены
2024-May-28 15:51:03 Обязательные параметры PHP (check_php_settings): Ok
Настройки правильные
2024-May-28 15:51:03 Модули веб-сервера (check_security): Ok
Конфликтов не выявлено
2024-May-28 15:51:03 Значения переменных сервера (check_server_vars): Ok
Корректные
2024-May-28 15:51:03 Сохранение сессии (check_session): Ok
50% done
2024-May-28 15:51:04 Сохранение сессии (check_session): Ok
Успешно
2024-May-28 15:51:04 Параметры настройки UTF (mbstring и константа BX_UTF) (check_mbstring): Ok
Правильные. Сайт работает в UTF кодировке
2024-May-28 15:51:04 Служебные скрипты в корне сайта (check_install_scripts): Ok
Отсутствуют
2024-May-28 15:51:04 Работа с сокетами (check_socket): Ok
Connection to 172.20.10.2:80	Success

Успешно
2024-May-28 15:51:04 Выполнение агентов на cron (check_bx_crontab): Ok
Успешно
2024-May-28 15:51:04 Параметры подключения к базе данных (check_dbconn_settings): Ok
Успешно
2024-May-28 15:51:04 Лишний вывод в файлах конфигурации (check_dbconn): Ok
Connection to 172.20.10.2:80	Success

Успешно
2024-May-28 15:51:04 Сохранение сессии без UserAgent (check_session_ua): Ok
50% done
Connection to 172.20.10.2:80	Success

2024-May-28 15:51:04 Сохранение сессии без UserAgent (check_session_ua): Ok
Connection to 172.20.10.2:80	Success

Успешно
2024-May-28 15:51:04 Настройки сайтов (check_sites): Ok
Правильные
2024-May-28 15:51:04 Размер стека и pcre.recursion_limit (check_pcre_recursion): Ok
Connection to 172.20.10.2:80	Success

Успешно
2024-May-28 15:51:04 Загрузка файла (check_upload): Ok
Connection to 172.20.10.2:80	Success

Успешно
2024-May-28 15:51:04 Загрузка файла больше 4Мб (check_upload_big): Ok
Connection to 172.20.10.2:80	Success

Успешно
2024-May-28 15:51:04 Загрузка файла через php://input (check_upload_raw): Ok
Connection to 172.20.10.2:80	Success

Успешно
2024-May-28 15:51:04 Передача POST запроса с большим числом параметров (check_post): Ok
Connection to 172.20.10.2:80	Success

Успешно
2024-May-28 15:51:06 Отправка почты (check_mail): Warning
Замечание. Отправлено. Время отправки: 1.71 сек.
2024-May-28 15:51:09 Отправка почтового сообщения больше 64Кб (check_mail_big): Warning
Замечание. Отправлено. Время отправки: 3.58 сек.
2024-May-28 15:51:09 Проверка на наличие неотправленных сообщений (check_mail_b_event): Ok
Успешно
2024-May-28 15:51:09 Внутреннее перенаправление (функция LocalRedirect) (check_localredirect): Ok
50% done
Connection to 172.20.10.2:80	Success

2024-May-28 15:51:09 Внутреннее перенаправление (функция LocalRedirect) (check_localredirect): Ok
Connection to 172.20.10.2:80	Success

Успешно
2024-May-28 15:51:09 Фактическое ограничение памяти (check_memory_limit): Ok
20% done
Connection to 172.20.10.2:80	Success

2024-May-28 15:51:09 Фактическое ограничение памяти (check_memory_limit): Ok
40% done
Connection to 172.20.10.2:80	Success

2024-May-28 15:51:09 Фактическое ограничение памяти (check_memory_limit): Ok
60% done
Connection to 172.20.10.2:80	Success

2024-May-28 15:51:09 Фактическое ограничение памяти (check_memory_limit): Ok
80% done
Connection to 172.20.10.2:80	Success

2024-May-28 15:51:09 Фактическое ограничение памяти (check_memory_limit): Ok
Connection to 172.20.10.2:80	Success

Не менее 256 М
2024-May-28 15:51:09 Работа с файлами кеша (check_cache): Ok
Успешно
2024-May-28 15:51:10 Доступ к серверу обновлений (check_update): Ok
Успешно
2024-May-28 15:51:10 HTTP авторизация (check_http_auth): Ok
Connection to 172.20.10.2:80	Success

Успешно
2024-May-28 15:51:10 Создание и запуск файла (check_exec): Ok
Connection to 172.20.10.2:80	Success

Успешно
2024-May-28 15:51:10 Функция getimagesize для swf (check_getimagesize): Ok
Успешно
2024-May-28 15:51:10 Версия MySQL-сервера (check_mysql_bug_version): Ok
Успешно
2024-May-28 15:51:11 Время на БД и веб-сервере (check_mysql_time): Ok
Успешно
2024-May-28 15:51:11 Режим работы MySQL (check_mysql_mode): Ok
Успешно
2024-May-28 15:51:11 Кодировка соединения (check_mysql_connection_charset): Ok
character_set_connection=utf8, collation_connection=utf8_unicode_ci, character_set_results=utf8
Успешно
2024-May-28 15:51:11 Кодировка базы данных (check_mysql_db_charset): Ok
CHARSET=utf8, COLLATION=utf8_unicode_ci
Успешно
2024-May-28 15:51:11 Формат хранения таблиц в БД (check_mysql_table_format): Ok
Успешно
2024-May-28 15:51:11 Кодировки таблиц в БД (check_mysql_table_charset): Ok
Успешно
2024-May-28 15:51:11 Структура базы данных (check_mysql_table_structure): Ok
0% done
2024-May-28 15:51:11 Структура базы данных (check_mysql_table_structure): Ok
1% done
2024-May-28 15:51:11 Структура базы данных (check_mysql_table_structure): Ok
2% done
2024-May-28 15:51:11 Структура базы данных (check_mysql_table_structure): Ok
3% done
2024-May-28 15:51:11 Структура базы данных (check_mysql_table_structure): Ok
4% done
2024-May-28 15:51:11 Структура базы данных (check_mysql_table_structure): Ok
6% done
2024-May-28 15:51:11 Структура базы данных (check_mysql_table_structure): Ok
7% done
2024-May-28 15:51:12 Структура базы данных (check_mysql_table_structure): Ok
8% done
2024-May-28 15:51:12 Структура базы данных (check_mysql_table_structure): Ok
9% done
2024-May-28 15:51:12 Структура базы данных (check_mysql_table_structure): Ok
10% done
2024-May-28 15:51:12 Структура базы данных (check_mysql_table_structure): Ok
12% done
2024-May-28 15:51:12 Структура базы данных (check_mysql_table_structure): Ok
13% done
2024-May-28 15:51:12 Структура базы данных (check_mysql_table_structure): Ok
14% done
2024-May-28 15:51:12 Структура базы данных (check_mysql_table_structure): Ok
15% done
2024-May-28 15:51:12 Структура базы данных (check_mysql_table_structure): Ok
17% done
2024-May-28 15:51:12 Структура базы данных (check_mysql_table_structure): Ok
18% done
2024-May-28 15:51:13 Структура базы данных (check_mysql_table_structure): Ok
19% done
2024-May-28 15:51:13 Структура базы данных (check_mysql_table_structure): Ok
20% done
2024-May-28 15:51:13 Структура базы данных (check_mysql_table_structure): Ok
21% done
2024-May-28 15:51:13 Структура базы данных (check_mysql_table_structure): Ok
23% done
2024-May-28 15:51:13 Структура базы данных (check_mysql_table_structure): Ok
24% done
2024-May-28 15:51:13 Структура базы данных (check_mysql_table_structure): Ok
25% done
2024-May-28 15:51:13 Структура базы данных (check_mysql_table_structure): Ok
26% done
2024-May-28 15:51:14 Структура базы данных (check_mysql_table_structure): Ok
28% done
2024-May-28 15:51:14 Структура базы данных (check_mysql_table_structure): Ok
29% done
2024-May-28 15:51:14 Структура базы данных (check_mysql_table_structure): Ok
30% done
2024-May-28 15:51:14 Структура базы данных (check_mysql_table_structure): Ok
31% done
2024-May-28 15:51:14 Структура базы данных (check_mysql_table_structure): Ok
32% done
2024-May-28 15:51:15 Структура базы данных (check_mysql_table_structure): Ok
34% done
2024-May-28 15:51:15 Структура базы данных (check_mysql_table_structure): Ok
35% done
2024-May-28 15:51:15 Структура базы данных (check_mysql_table_structure): Ok
36% done
2024-May-28 15:51:15 Структура базы данных (check_mysql_table_structure): Ok
37% done
2024-May-28 15:51:16 Структура базы данных (check_mysql_table_structure): Ok
39% done
2024-May-28 15:51:16 Структура базы данных (check_mysql_table_structure): Ok
40% done
2024-May-28 15:51:16 Структура базы данных (check_mysql_table_structure): Ok
41% done
2024-May-28 15:51:16 Структура базы данных (check_mysql_table_structure): Ok
42% done
2024-May-28 15:51:16 Структура базы данных (check_mysql_table_structure): Ok
43% done
2024-May-28 15:51:16 Структура базы данных (check_mysql_table_structure): Ok
45% done
2024-May-28 15:51:16 Структура базы данных (check_mysql_table_structure): Ok
46% done
2024-May-28 15:51:17 Структура базы данных (check_mysql_table_structure): Ok
47% done
2024-May-28 15:51:17 Структура базы данных (check_mysql_table_structure): Ok
48% done
2024-May-28 15:51:17 Структура базы данных (check_mysql_table_structure): Ok
50% done
2024-May-28 15:51:18 Структура базы данных (check_mysql_table_structure): Ok
51% done
2024-May-28 15:51:18 Структура базы данных (check_mysql_table_structure): Ok
52% done
2024-May-28 15:51:18 Структура базы данных (check_mysql_table_structure): Ok
53% done
2024-May-28 15:51:18 Структура базы данных (check_mysql_table_structure): Ok
54% done
2024-May-28 15:51:18 Структура базы данных (check_mysql_table_structure): Ok
56% done
2024-May-28 15:51:19 Структура базы данных (check_mysql_table_structure): Ok
57% done
2024-May-28 15:51:19 Структура базы данных (check_mysql_table_structure): Ok
58% done
2024-May-28 15:51:30 Структура базы данных (check_mysql_table_structure): Ok
59% done
2024-May-28 15:51:30 Структура базы данных (check_mysql_table_structure): Ok
60% done
2024-May-28 15:51:31 Структура базы данных (check_mysql_table_structure): Ok
62% done
2024-May-28 15:51:32 Структура базы данных (check_mysql_table_structure): Ok
63% done
2024-May-28 15:51:33 Структура базы данных (check_mysql_table_structure): Ok
64% done
2024-May-28 15:51:33 Структура базы данных (check_mysql_table_structure): Ok
65% done
2024-May-28 15:51:33 Структура базы данных (check_mysql_table_structure): Ok
67% done
2024-May-28 15:51:33 Структура базы данных (check_mysql_table_structure): Ok
68% done
2024-May-28 15:51:33 Структура базы данных (check_mysql_table_structure): Ok
69% done
2024-May-28 15:51:33 Структура базы данных (check_mysql_table_structure): Ok
70% done
2024-May-28 15:51:34 Структура базы данных (check_mysql_table_structure): Ok
71% done
2024-May-28 15:51:34 Структура базы данных (check_mysql_table_structure): Ok
73% done
2024-May-28 15:51:34 Структура базы данных (check_mysql_table_structure): Ok
74% done
2024-May-28 15:51:34 Структура базы данных (check_mysql_table_structure): Ok
75% done
2024-May-28 15:51:34 Структура базы данных (check_mysql_table_structure): Ok
76% done
2024-May-28 15:51:34 Структура базы данных (check_mysql_table_structure): Ok
78% done
2024-May-28 15:51:34 Структура базы данных (check_mysql_table_structure): Ok
79% done
2024-May-28 15:51:34 Структура базы данных (check_mysql_table_structure): Ok
80% done
2024-May-28 15:51:34 Структура базы данных (check_mysql_table_structure): Ok
81% done
2024-May-28 15:51:34 Структура базы данных (check_mysql_table_structure): Ok
82% done
2024-May-28 15:51:35 Структура базы данных (check_mysql_table_structure): Ok
84% done
2024-May-28 15:51:35 Структура базы данных (check_mysql_table_structure): Ok
85% done
2024-May-28 15:51:38 Структура базы данных (check_mysql_table_structure): Ok
86% done
2024-May-28 15:51:38 Структура базы данных (check_mysql_table_structure): Ok
87% done
2024-May-28 15:51:38 Структура базы данных (check_mysql_table_structure): Ok
89% done
2024-May-28 15:51:38 Структура базы данных (check_mysql_table_structure): Ok
90% done
2024-May-28 15:51:38 Структура базы данных (check_mysql_table_structure): Ok
91% done
2024-May-28 15:51:38 Структура базы данных (check_mysql_table_structure): Ok
92% done
2024-May-28 15:51:39 Структура базы данных (check_mysql_table_structure): Ok
93% done
2024-May-28 15:51:39 Структура базы данных (check_mysql_table_structure): Ok
95% done
2024-May-28 15:51:39 Структура базы данных (check_mysql_table_structure): Ok
96% done
2024-May-28 15:51:39 Структура базы данных (check_mysql_table_structure): Ok
97% done
2024-May-28 15:51:39 Структура базы данных (check_mysql_table_structure): Ok
98% done
2024-May-28 15:51:39 Структура базы данных (check_mysql_table_structure): Ok
Успешно
